<?xml version="1.0" encoding="UTF-8"?>
<testsuite xmlns:xsi="http://www.w3.org/2001/XMLSchema-instance" xsi:noNamespaceSchemaLocation="https://maven.apache.org/surefire/maven-surefire-plugin/xsd/surefire-test-report-3.0.xsd" version="3.0" name="praktikum.IngredientParametrizedTest" time="0.001" tests="8" errors="0" skipped="0" failures="0">
  <properties>
    <property name="java.specification.version" value="23"/>
    <property name="sun.jnu.encoding" value="UTF-8"/>
    <property name="java.class.path" value="/Users/kristinagordeeva/Desktop/Diplom_Kristina_Gordeeva_10/QA-java-diplom-1/target/test-classes:/Users/kristinagordeeva/Desktop/Diplom_Kristina_Gordeeva_10/QA-java-diplom-1/target/classes:/Users/kristinagordeeva/.m2/repository/junit/junit/4.13.2/junit-4.13.2.jar:/Users/kristinagordeeva/.m2/repository/org/hamcrest/hamcrest-core/1.3/hamcrest-core-1.3.jar:/Users/kristinagordeeva/.m2/repository/org/mockito/mockito-core/4.8.0/mockito-core-4.8.0.jar:/Users/kristinagordeeva/.m2/repository/net/bytebuddy/byte-buddy/1.12.14/byte-buddy-1.12.14.jar:/Users/kristinagordeeva/.m2/repository/net/bytebuddy/byte-buddy-agent/1.12.14/byte-buddy-agent-1.12.14.jar:/Users/kristinagordeeva/.m2/repository/org/objenesis/objenesis/3.2/objenesis-3.2.jar:"/>
    <property name="java.vm.vendor" value="Homebrew"/>
    <property name="sun.arch.data.model" value="64"/>
    <property name="java.vendor.url" value="https://github.com/Homebrew/homebrew-core/issues"/>
    <property name="os.name" value="Mac OS X"/>
    <property name="java.vm.specification.version" value="23"/>
    <property name="sun.java.launcher" value="SUN_STANDARD"/>
    <property name="user.country" value="RU"/>
    <property name="sun.boot.library.path" value="/opt/homebrew/Cellar/openjdk/23/libexec/openjdk.jdk/Contents/Home/lib"/>
    <property name="sun.java.command" value="/Users/kristinagordeeva/Desktop/Diplom_Kristina_Gordeeva_10/QA-java-diplom-1/target/surefire/surefirebooter-20241017214133316_3.jar /Users/kristinagordeeva/Desktop/Diplom_Kristina_Gordeeva_10/QA-java-diplom-1/target/surefire 2024-10-17T21-41-33_273-jvmRun1 surefire-20241017214133316_1tmp surefire_0-20241017214133316_2tmp"/>
    <property name="http.nonProxyHosts" value="local|*.local|169.254/16|*.169.254/16"/>
    <property name="jdk.debug" value="release"/>
    <property name="surefire.test.class.path" value="/Users/kristinagordeeva/Desktop/Diplom_Kristina_Gordeeva_10/QA-java-diplom-1/target/test-classes:/Users/kristinagordeeva/Desktop/Diplom_Kristina_Gordeeva_10/QA-java-diplom-1/target/classes:/Users/kristinagordeeva/.m2/repository/junit/junit/4.13.2/junit-4.13.2.jar:/Users/kristinagordeeva/.m2/repository/org/hamcrest/hamcrest-core/1.3/hamcrest-core-1.3.jar:/Users/kristinagordeeva/.m2/repository/org/mockito/mockito-core/4.8.0/mockito-core-4.8.0.jar:/Users/kristinagordeeva/.m2/repository/net/bytebuddy/byte-buddy/1.12.14/byte-buddy-1.12.14.jar:/Users/kristinagordeeva/.m2/repository/net/bytebuddy/byte-buddy-agent/1.12.14/byte-buddy-agent-1.12.14.jar:/Users/kristinagordeeva/.m2/repository/org/objenesis/objenesis/3.2/objenesis-3.2.jar:"/>
    <property name="sun.cpu.endian" value="little"/>
    <property name="user.home" value="/Users/kristinagordeeva"/>
    <property name="user.language" value="ru"/>
    <property name="java.specification.vendor" value="Oracle Corporation"/>
    <property name="java.version.date" value="2024-09-17"/>
    <property name="java.home" value="/opt/homebrew/Cellar/openjdk/23/libexec/openjdk.jdk/Contents/Home"/>
    <property name="file.separator" value="/"/>
    <property name="basedir" value="/Users/kristinagordeeva/Desktop/Diplom_Kristina_Gordeeva_10/QA-java-diplom-1"/>
    <property name="java.vm.compressedOopsMode" value="Zero based"/>
    <property name="line.separator" value="&#10;"/>
    <property name="java.vm.specification.vendor" value="Oracle Corporation"/>
    <property name="java.specification.name" value="Java Platform API Specification"/>
    <property name="apple.awt.application.name" value="ForkedBooter"/>
    <property name="surefire.real.class.path" value="/Users/kristinagordeeva/Desktop/Diplom_Kristina_Gordeeva_10/QA-java-diplom-1/target/surefire/surefirebooter-20241017214133316_3.jar"/>
    <property name="sun.management.compiler" value="HotSpot 64-Bit Tiered Compilers"/>
    <property name="ftp.nonProxyHosts" value="local|*.local|169.254/16|*.169.254/16"/>
    <property name="java.runtime.version" value="23"/>
    <property name="user.name" value="kristinagordeeva"/>
    <property name="stdout.encoding" value="UTF-8"/>
    <property name="path.separator" value=":"/>
    <property name="os.version" value="14.5"/>
    <property name="java.runtime.name" value="OpenJDK Runtime Environment"/>
    <property name="file.encoding" value="UTF-8"/>
    <property name="java.vm.name" value="OpenJDK 64-Bit Server VM"/>
    <property name="java.vendor.version" value="Homebrew"/>
    <property name="localRepository" value="/Users/kristinagordeeva/.m2/repository"/>
    <property name="java.vendor.url.bug" value="https://github.com/Homebrew/homebrew-core/issues"/>
    <property name="java.io.tmpdir" value="/var/folders/6t/0k0ml24n2kn9vzlmpffdgqlc0000gn/T/"/>
    <property name="java.version" value="23"/>
    <property name="user.dir" value="/Users/kristinagordeeva/Desktop/Diplom_Kristina_Gordeeva_10/QA-java-diplom-1"/>
    <property name="os.arch" value="aarch64"/>
    <property name="java.vm.specification.name" value="Java Virtual Machine Specification"/>
    <property name="native.encoding" value="UTF-8"/>
    <property name="java.library.path" value="/Users/kristinagordeeva/Library/Java/Extensions:/Library/Java/Extensions:/Network/Library/Java/Extensions:/System/Library/Java/Extensions:/usr/lib/java:."/>
    <property name="java.vm.info" value="mixed mode, sharing"/>
    <property name="stderr.encoding" value="UTF-8"/>
    <property name="java.vendor" value="Homebrew"/>
    <property name="java.vm.version" value="23"/>
    <property name="sun.io.unicode.encoding" value="UnicodeBig"/>
    <property name="socksNonProxyHosts" value="local|*.local|169.254/16|*.169.254/16"/>
    <property name="java.class.version" value="67.0"/>
  </properties>
  <testcase name="testIngredientConstructor[0]" classname="praktikum.IngredientParametrizedTest" time="0.001"/>
  <testcase name="testIngredientConstructor[1]" classname="praktikum.IngredientParametrizedTest" time="0.0"/>
  <testcase name="testIngredientConstructor[2]" classname="praktikum.IngredientParametrizedTest" time="0.0"/>
  <testcase name="testIngredientConstructor[3]" classname="praktikum.IngredientParametrizedTest" time="0.0"/>
  <testcase name="testIngredientConstructor[4]" classname="praktikum.IngredientParametrizedTest" time="0.0"/>
  <testcase name="testIngredientConstructor[5]" classname="praktikum.IngredientParametrizedTest" time="0.0"/>
  <testcase name="testIngredientConstructor[6]" classname="praktikum.IngredientParametrizedTest" time="0.0"/>
  <testcase name="testIngredientConstructor[7]" classname="praktikum.IngredientParametrizedTest" time="0.0"/>
</testsuite>